<?xml version="1.0" encoding="UTF-8"?>
<testng-results ignored="0" total="3" passed="3" failed="0" skipped="0">
  <reporter-output>
  </reporter-output>
  <suite started-at="2024-12-17T12:37:36 IST" name="Surefire suite" finished-at="2024-12-17T12:38:01 IST" duration-ms="24314">
    <groups>
      <group name="cucumber">
        <method signature="AbstractTestNGCucumberTests.runScenario(io.cucumber.testng.PickleWrapper,io.cucumber.testng.FeatureWrapper)[pri:0, instance:TestRunner.CucmberTestRunner@3c9d0b9d]" name="runScenario" class="io.cucumber.testng.AbstractTestNGCucumberTests"/>
      </group> <!-- cucumber -->
    </groups>
    <test started-at="2024-12-17T12:37:36 IST" name="Surefire test" finished-at="2024-12-17T12:38:01 IST" duration-ms="24314">
      <class name="TestRunner.CucmberTestRunner">
        <test-method is-config="true" signature="setUpClass(org.testng.ITestContext)[pri:0, instance:TestRunner.CucmberTestRunner@3c9d0b9d]" started-at="2024-12-17T12:37:36 IST" name="setUpClass" finished-at="2024-12-17T12:37:37 IST" duration-ms="1028" status="PASS">
          <params>
            <param index="0">
              <value>
                <![CDATA[org.testng.TestRunner@4976085]]>
              </value>
            </param>
          </params>
          <reporter-output>
          </reporter-output>
        </test-method> <!-- setUpClass -->
        <test-method signature="runScenario(io.cucumber.testng.PickleWrapper,io.cucumber.testng.FeatureWrapper)[pri:0, instance:TestRunner.CucmberTestRunner@3c9d0b9d]" started-at="2024-12-17T12:37:37 IST" name="runScenario" description="Runs Cucumber Scenarios" data-provider="scenarios" finished-at="2024-12-17T12:37:47 IST" duration-ms="9435" status="PASS">
          <params>
            <param index="0">
              <value>
                <![CDATA["Check Login functionality by giving valid credentials"]]>
              </value>
            </param>
            <param index="1">
              <value>
                <![CDATA["Login functionality test of Mercury travel App"]]>
              </value>
            </param>
          </params>
          <reporter-output>
          </reporter-output>
        </test-method> <!-- runScenario -->
        <test-method signature="runScenario(io.cucumber.testng.PickleWrapper,io.cucumber.testng.FeatureWrapper)[pri:0, instance:TestRunner.CucmberTestRunner@3c9d0b9d]" started-at="2024-12-17T12:37:47 IST" name="runScenario" description="Runs Cucumber Scenarios" data-provider="scenarios" finished-at="2024-12-17T12:37:54 IST" duration-ms="6746" status="PASS">
          <params>
            <param index="0">
              <value>
                <![CDATA["Check Login functionality by giving random credentials"]]>
              </value>
            </param>
            <param index="1">
              <value>
                <![CDATA["Login functionality test of Mercury travel App"]]>
              </value>
            </param>
          </params>
          <reporter-output>
          </reporter-output>
        </test-method> <!-- runScenario -->
        <test-method signature="runScenario(io.cucumber.testng.PickleWrapper,io.cucumber.testng.FeatureWrapper)[pri:0, instance:TestRunner.CucmberTestRunner@3c9d0b9d]" started-at="2024-12-17T12:37:54 IST" name="runScenario" description="Runs Cucumber Scenarios" data-provider="scenarios" finished-at="2024-12-17T12:38:01 IST" duration-ms="6936" status="PASS">
          <params>
            <param index="0">
              <value>
                <![CDATA["Check Login functionality by giving random credentials"]]>
              </value>
            </param>
            <param index="1">
              <value>
                <![CDATA["Login functionality test of Mercury travel App"]]>
              </value>
            </param>
          </params>
          <reporter-output>
          </reporter-output>
        </test-method> <!-- runScenario -->
        <test-method is-config="true" signature="tearDownClass()[pri:0, instance:TestRunner.CucmberTestRunner@3c9d0b9d]" started-at="2024-12-17T12:38:01 IST" name="tearDownClass" finished-at="2024-12-17T12:38:01 IST" duration-ms="80" status="PASS">
          <reporter-output>
          </reporter-output>
        </test-method> <!-- tearDownClass -->
      </class> <!-- TestRunner.CucmberTestRunner -->
    </test> <!-- Surefire test -->
  </suite> <!-- Surefire suite -->
</testng-results>
