<?xml version="1.0" encoding="UTF-8"?>
<testsuite xmlns:xsi="http://www.w3.org/2001/XMLSchema-instance" xsi:schemaLocation="https://maven.apache.org/surefire/maven-surefire-plugin/xsd/surefire-test-report.xsd" name="TestSuite" time="25.388" tests="3" errors="0" skipped="0" failures="0">
  <properties>
[...]
</properties>
  <testcase name="runScenario" classname="TestRunner.CucmberTestRunner" time="9.443"/>
  <testcase name="runScenario" classname="TestRunner.CucmberTestRunner" time="6.744"/>
  <testcase name="runScenario" classname="TestRunner.CucmberTestRunner" time="6.937"/>
</testsuite>