<?xml version="1.0" encoding="UTF-8"?>
<testng-results ignored="0" total="3" passed="3" failed="0" skipped="0">
  <reporter-output>
  </reporter-output>
  <suite started-at="2024-12-15T16:51:07 IST" name="Default suite" finished-at="2024-12-15T16:51:30 IST" duration-ms="23342">
    <groups>
      <group name="cucumber">
        <method signature="AbstractTestNGCucumberTests.runScenario(io.cucumber.testng.PickleWrapper,io.cucumber.testng.FeatureWrapper)[pri:0, instance:TestRunner.CucmberTestRunner@38e79ae3]" name="runScenario" class="io.cucumber.testng.AbstractTestNGCucumberTests"/>
      </group> <!-- cucumber -->
    </groups>
    <test started-at="2024-12-15T16:51:07 IST" name="Default test" finished-at="2024-12-15T16:51:30 IST" duration-ms="23342">
      <class name="TestRunner.CucmberTestRunner">
        <test-method is-config="true" signature="setUpClass(org.testng.ITestContext)[pri:0, instance:TestRunner.CucmberTestRunner@38e79ae3]" started-at="2024-12-15T16:51:07 IST" name="setUpClass" finished-at="2024-12-15T16:51:08 IST" duration-ms="887" status="PASS">
          <params>
            <param index="0">
              <value>
                <![CDATA[org.testng.TestRunner@7dcb42a9]]>
              </value>
            </param>
          </params>
          <reporter-output>
          </reporter-output>
        </test-method> <!-- setUpClass -->
        <test-method signature="runScenario(io.cucumber.testng.PickleWrapper,io.cucumber.testng.FeatureWrapper)[pri:0, instance:TestRunner.CucmberTestRunner@38e79ae3]" started-at="2024-12-15T16:51:08 IST" name="runScenario" description="Runs Cucumber Scenarios" data-provider="scenarios" finished-at="2024-12-15T16:51:17 IST" duration-ms="8998" status="PASS">
          <params>
            <param index="0">
              <value>
                <![CDATA["Check Login functionality by giving valid credentials"]]>
              </value>
            </param>
            <param index="1">
              <value>
                <![CDATA["Login functionality test of Mercury travel App"]]>
              </value>
            </param>
          </params>
          <reporter-output>
          </reporter-output>
        </test-method> <!-- runScenario -->
        <test-method signature="runScenario(io.cucumber.testng.PickleWrapper,io.cucumber.testng.FeatureWrapper)[pri:0, instance:TestRunner.CucmberTestRunner@38e79ae3]" started-at="2024-12-15T16:51:17 IST" name="runScenario" description="Runs Cucumber Scenarios" data-provider="scenarios" finished-at="2024-12-15T16:51:23 IST" duration-ms="6521" status="PASS">
          <params>
            <param index="0">
              <value>
                <![CDATA["Check Login functionality by giving random credentials"]]>
              </value>
            </param>
            <param index="1">
              <value>
                <![CDATA["Login functionality test of Mercury travel App"]]>
              </value>
            </param>
          </params>
          <reporter-output>
          </reporter-output>
        </test-method> <!-- runScenario -->
        <test-method signature="runScenario(io.cucumber.testng.PickleWrapper,io.cucumber.testng.FeatureWrapper)[pri:0, instance:TestRunner.CucmberTestRunner@38e79ae3]" started-at="2024-12-15T16:51:23 IST" name="runScenario" description="Runs Cucumber Scenarios" data-provider="scenarios" finished-at="2024-12-15T16:51:30 IST" duration-ms="6804" status="PASS">
          <params>
            <param index="0">
              <value>
                <![CDATA["Check Login functionality by giving random credentials"]]>
              </value>
            </param>
            <param index="1">
              <value>
                <![CDATA["Login functionality test of Mercury travel App"]]>
              </value>
            </param>
          </params>
          <reporter-output>
          </reporter-output>
        </test-method> <!-- runScenario -->
        <test-method is-config="true" signature="tearDownClass()[pri:0, instance:TestRunner.CucmberTestRunner@38e79ae3]" started-at="2024-12-15T16:51:30 IST" name="tearDownClass" finished-at="2024-12-15T16:51:30 IST" duration-ms="42" status="PASS">
          <reporter-output>
          </reporter-output>
        </test-method> <!-- tearDownClass -->
      </class> <!-- TestRunner.CucmberTestRunner -->
    </test> <!-- Default test -->
  </suite> <!-- Default suite -->
</testng-results>
